#
# An unexpected error has been detected by Java Runtime Environment:
#
#  EXCEPTION_ACCESS_VIOLATION (0xc0000005) at pc=0x795e3780, pid=10164, tid=10168
#
# Java VM: Java HotSpot(TM) Client VM (1.6.0-b105 mixed mode)
# Problematic frame:
# C  [m_dispatcher.dll+0x3780]
#
# If you would like to submit a bug report, please visit:
#   http://java.sun.com/webapps/bugreport/crash.jsp
#

---------------  T H R E A D  ---------------

Current thread (0x06bb0400):  JavaThread "main" [_thread_in_native, id=10168]

siginfo: ExceptionCode=0xc0000005, reading address 0x00000810

Registers:
EAX=0x00000810, EBX=0x00000001, ECX=0x1b760ce0, EDX=0x00000000
ESP=0x00d38b58, EBP=0x00d38b6c, ESI=0x1b760ce0, EDI=0x00000000
EIP=0x795e3780, EFLAGS=0x00010202

Top of Stack: (sp=0x00d38b58)
0x00d38b58:   79ccc143 1d26cfac 1d26cf50 00000003
0x00d38b68:   ffffffff 00d38bbc 79ccc23b 00000000
0x00d38b78:   1d26cf50 00000003 1d26cfac 00d38ba8
0x00d38b88:   06bb04e8 00000000 00000000 06bb1084
0x00d38b98:   790283c0 0ad30cb0 00d38c24 78e77e98
0x00d38ba8:   00000000 00d38b88 00d38c30 79f89540
0x00d38bb8:   ffffffff 00d38c3c 79ccc342 00000000
0x00d38bc8:   1d26cfcc 00000003 1d26cfac 1d26cf50 

Instructions: (pc=0x795e3780)
0x795e3770:   8b 81 ec 0b 00 00 85 c0 74 15 8d 9b 00 00 00 00
0x795e3780:   8b 08 80 79 70 00 75 0a 8b 40 04 85 c0 75 f1 33 


Stack: [0x00540000,0x00d40000),  sp=0x00d38b58,  free space=8162k
Native frames: (J=compiled Java code, j=interpreted, Vv=VM code, C=native code)
C  [m_dispatcher.dll+0x3780]
C  [m_interpreter.dll+0x3c23b]
C  [m_interpreter.dll+0x3c342]
C  [nativejmi.dll+0x1b12]
C  [nativejmi.dll+0x1df0]
C  [nativejmi.dll+0x1eaa]
C  [nativejmi.dll+0x4ab6]
j  com.mathworks.jmi.NativeMatlab.SendMatlabMessage(Ljava/lang/Object;)Ljava/lang/Object;+0
j  com.mathworks.jmi.NativeMatlab.sendMatlabMessage(Ljava/lang/Object;)Ljava/lang/Object;+22
j  com.mathworks.jmi.MatlabLooper.sendMatlabMessage(Lcom/mathworks/services/message/MWMessage;)Ljava/lang/Object;+20
j  com.mathworks.jmi.Matlab.mtFevalConsoleOutput(Ljava/lang/String;[Ljava/lang/Object;I)Ljava/lang/Object;+58
j  matlabcontrol.JMIWrapper$MatlabThreadOperations.returningFeval(Ljava/lang/String;I[Ljava/lang/Object;)[Ljava/lang/Object;+14
j  matlabcontrol.JMIWrapper$MatlabThreadOperations.setVariable(Ljava/lang/String;Ljava/lang/Object;)V+21
j  matlabcontrol.JMIWrapper$2.call(Lmatlabcontrol/MatlabProxy$MatlabThreadProxy;)Ljava/lang/Void;+9
j  matlabcontrol.JMIWrapper$2.call(Lmatlabcontrol/MatlabProxy$MatlabThreadProxy;)Ljava/lang/Object;+2
j  matlabcontrol.JMIWrapper$9.run()V+11
j  com.mathworks.jmi.NativeMatlab.dispatchMTRequests(Z)V+120
v  ~StubRoutines::call_stub

Java frames: (J=compiled Java code, j=interpreted, Vv=VM code)
j  com.mathworks.jmi.NativeMatlab.SendMatlabMessage(Ljava/lang/Object;)Ljava/lang/Object;+0
j  com.mathworks.jmi.NativeMatlab.sendMatlabMessage(Ljava/lang/Object;)Ljava/lang/Object;+22
j  com.mathworks.jmi.MatlabLooper.sendMatlabMessage(Lcom/mathworks/services/message/MWMessage;)Ljava/lang/Object;+20
j  com.mathworks.jmi.Matlab.mtFevalConsoleOutput(Ljava/lang/String;[Ljava/lang/Object;I)Ljava/lang/Object;+58
j  matlabcontrol.JMIWrapper$MatlabThreadOperations.returningFeval(Ljava/lang/String;I[Ljava/lang/Object;)[Ljava/lang/Object;+14
j  matlabcontrol.JMIWrapper$MatlabThreadOperations.setVariable(Ljava/lang/String;Ljava/lang/Object;)V+21
j  matlabcontrol.JMIWrapper$2.call(Lmatlabcontrol/MatlabProxy$MatlabThreadProxy;)Ljava/lang/Void;+9
j  matlabcontrol.JMIWrapper$2.call(Lmatlabcontrol/MatlabProxy$MatlabThreadProxy;)Ljava/lang/Object;+2
j  matlabcontrol.JMIWrapper$9.run()V+11
j  com.mathworks.jmi.NativeMatlab.dispatchMTRequests(Z)V+120
v  ~StubRoutines::call_stub

---------------  P R O C E S S  ---------------

Java Threads: ( => current thread )
  0x06c7e000 JavaThread "RMI TCP Connection(idle)" daemon [_thread_blocked, id=9484]
  0x06c7b000 JavaThread "RMI RenewClean-[192.168.21.115:49304,MLC localhost Socket Factory]" daemon [_thread_blocked, id=7936]
  0x06c7b400 JavaThread "RMI TCP Connection(3)-127.0.0.1" daemon [_thread_in_native, id=9616]
  0x06c7d800 JavaThread "RMI RenewClean-[192.168.21.115:49300,MLC localhost Socket Factory]" daemon [_thread_blocked, id=7012]
  0x06c7c800 JavaThread "RMI TCP Connection(1)-127.0.0.1" daemon [_thread_blocked, id=9680]
  0x06c7c000 JavaThread "RMI Scheduler(0)" daemon [_thread_blocked, id=9684]
  0x06c7d400 JavaThread "GC Daemon" daemon [_thread_blocked, id=748]
  0x06c7cc00 JavaThread "RMI Reaper" [_thread_blocked, id=9664]
  0x06c7ac00 JavaThread "RMI TCP Accept-0" daemon [_thread_in_native, id=6356]
  0x17476000 JavaThread "MLC Broadcast Maintainer" [_thread_blocked, id=5516]
  0x17477800 JavaThread "MLC Connection Establisher-0" [_thread_blocked, id=4856]
  0x17477000 JavaThread "Timer-2" daemon [_thread_blocked, id=9492]
  0x172bc000 JavaThread "Timer-1" [_thread_blocked, id=5180]
  0x171f7400 JavaThread "TimerQueue" daemon [_thread_blocked, id=9444]
  0x171c3800 JavaThread "AWT-EventQueue-0" [_thread_blocked, id=8708]
  0x171c3400 JavaThread "AWT-Shutdown" [_thread_blocked, id=7540]
  0x17113400 JavaThread "AWT-Windows" daemon [_thread_in_native, id=9344]
  0x17112800 JavaThread "Java2D Disposer" daemon [_thread_blocked, id=9340]
  0x16a4bc00 JavaThread "Timer-0" [_thread_blocked, id=3580]
  0x06c49400 JavaThread "Low Memory Detector" daemon [_thread_blocked, id=9180]
  0x06c49000 JavaThread "CompilerThread0" daemon [_thread_blocked, id=2128]
  0x06c47800 JavaThread "Attach Listener" daemon [_thread_blocked, id=2040]
  0x06c32c00 JavaThread "Finalizer" daemon [_thread_blocked, id=3528]
  0x06c2e400 JavaThread "Reference Handler" daemon [_thread_blocked, id=984]
=>0x06bb0400 JavaThread "main" [_thread_in_native, id=10168]

Other Threads:
  0x06c2a800 VMThread [id=8344]
  0x06c5d000 WatcherThread [id=9348]

VM state:not at safepoint (normal execution)

VM Mutex/Monitor currently owned by a thread: None

Heap
 def new generation   total 14848K, used 7360K [0x08d30000, 0x09d40000, 0x0ad30000)
  eden space 13248K,  55% used [0x08d30000, 0x09450108, 0x09a20000)
  from space 1600K,   4% used [0x09bb0000, 0x09bc01b0, 0x09d40000)
  to   space 1600K,   0% used [0x09a20000, 0x09a20000, 0x09bb0000)
 tenured generation   total 49152K, used 33189K [0x0ad30000, 0x0dd30000, 0x10d30000)
   the space 49152K,  67% used [0x0ad30000, 0x0cd994f8, 0x0cd99600, 0x0dd30000)
 compacting perm gen  total 32768K, used 25806K [0x10d30000, 0x12d30000, 0x14d30000)
   the space 32768K,  78% used [0x10d30000, 0x126639f0, 0x12663a00, 0x12d30000)
No shared spaces configured.

Dynamic libraries:
0x00400000 - 0x00536000 	C:\Program Files (x86)\MATLAB\R2008a\bin\win32\MATLAB.exe
0x77a40000 - 0x77bae000 	C:\WINDOWS\SYSTEM32\ntdll.dll
0x777e0000 - 0x77920000 	C:\WINDOWS\SYSTEM32\KERNEL32.DLL
0x76e10000 - 0x76ee7000 	C:\WINDOWS\SYSTEM32\KERNELBASE.dll
0x7ac90000 - 0x7ad5b000 	C:\Program Files (x86)\MATLAB\R2008a\bin\win32\libut.dll
0x7adc0000 - 0x7af93000 	C:\Program Files (x86)\MATLAB\R2008a\bin\win32\libmwservices.dll
0x79710000 - 0x79746000 	C:\Program Files (x86)\MATLAB\R2008a\bin\win32\mcr.dll
0x70c00000 - 0x70c9b000 	C:\WINDOWS\WinSxS\x86_microsoft.vc80.crt_1fc8b3b9a1e18e3b_8.0.50727.8428_none_d08a11e2442dc25d\MSVCR80.dll
0x776c0000 - 0x776d4000 	C:\WINDOWS\SYSTEM32\imagehlp.dll
0x77050000 - 0x77056000 	C:\WINDOWS\SYSTEM32\PSAPI.DLL
0x7b4d0000 - 0x7b4ef000 	C:\Program Files (x86)\MATLAB\R2008a\bin\win32\LIBEXPAT.dll
0x7b040000 - 0x7b117000 	C:\Program Files (x86)\MATLAB\R2008a\bin\win32\icuuc36.dll
0x7a830000 - 0x7a83c000 	C:\Program Files (x86)\MATLAB\R2008a\bin\win32\icuio36.dll
0x76ef0000 - 0x77043000 	C:\WINDOWS\SYSTEM32\USER32.dll
0x75740000 - 0x757bc000 	C:\WINDOWS\SYSTEM32\ADVAPI32.dll
0x72120000 - 0x721a7000 	C:\WINDOWS\WinSxS\x86_microsoft.vc80.crt_1fc8b3b9a1e18e3b_8.0.50727.8428_none_d08a11e2442dc25d\MSVCP80.dll
0x7ad60000 - 0x7adb2000 	C:\Program Files (x86)\MATLAB\R2008a\bin\win32\libmx.dll
0x7afa0000 - 0x7b036000 	C:\Program Files (x86)\MATLAB\R2008a\bin\win32\libmwmathutil.dll
0x791b0000 - 0x791e3000 	C:\Program Files (x86)\MATLAB\R2008a\bin\win32\mpath.dll
0x7b500000 - 0x7b515000 	C:\Program Files (x86)\MATLAB\R2008a\bin\win32\mlutil.dll
0x74f10000 - 0x74f99000 	C:\WINDOWS\WinSxS\x86_microsoft.windows.common-controls_6595b64144ccf1df_5.82.9600.17810_none_7c5b6194aa0716f1\COMCTL32.dll
0x77740000 - 0x777db000 	C:\WINDOWS\SYSTEM32\comdlg32.dll
0x747b0000 - 0x747c3000 	C:\WINDOWS\SYSTEM32\NETAPI32.dll
0x755a0000 - 0x755f0000 	C:\WINDOWS\SYSTEM32\WS2_32.dll
0x75ac0000 - 0x76d6d000 	C:\WINDOWS\SYSTEM32\SHELL32.dll
0x7a840000 - 0x7a857000 	C:\Program Files (x86)\MATLAB\R2008a\bin\win32\iqm.dll
0x78550000 - 0x7856a000 	C:\Program Files (x86)\MATLAB\R2008a\bin\win32\bridge.dll
0x7a870000 - 0x7a87e000 	C:\Program Files (x86)\MATLAB\R2008a\bin\win32\libmex.dll
0x795e0000 - 0x79638000 	C:\Program Files (x86)\MATLAB\R2008a\bin\win32\m_dispatcher.dll
0x782e0000 - 0x78411000 	C:\Program Files (x86)\MATLAB\R2008a\bin\win32\mcos.dll
0x7b120000 - 0x7b20d000 	C:\Program Files (x86)\MATLAB\R2008a\bin\win32\libmwgui.dll
0x786e0000 - 0x78860000 	C:\Program Files (x86)\MATLAB\R2008a\bin\win32\hg.dll
0x79c90000 - 0x7a1a0000 	C:\Program Files (x86)\MATLAB\R2008a\bin\win32\m_interpreter.dll
0x790b0000 - 0x790ea000 	C:\Program Files (x86)\MATLAB\R2008a\bin\win32\jmi.dll
0x79750000 - 0x797b2000 	C:\Program Files (x86)\MATLAB\R2008a\bin\win32\udd_mi.dll
0x7a770000 - 0x7a804000 	C:\Program Files (x86)\MATLAB\R2008a\bin\win32\uiw.dll
0x78620000 - 0x78632000 	C:\Program Files (x86)\MATLAB\R2008a\bin\win32\mwoles05.DLL
0x794a0000 - 0x794e3000 	C:\Program Files (x86)\MATLAB\R2008a\bin\win32\comcli.dll
0x7a8f0000 - 0x7a8fb000 	C:\Program Files (x86)\MATLAB\R2008a\bin\win32\mlautoregister.dll
0x755f0000 - 0x756ff000 	C:\WINDOWS\SYSTEM32\GDI32.dll
0x757c0000 - 0x758e9000 	C:\WINDOWS\SYSTEM32\ole32.dll
0x77060000 - 0x77123000 	C:\WINDOWS\SYSTEM32\msvcrt.dll
0x7a820000 - 0x7a824000 	C:\Program Files (x86)\MATLAB\R2008a\bin\win32\icudt36.dll
0x7aaf0000 - 0x7abb2000 	C:\Program Files (x86)\MATLAB\R2008a\bin\win32\icuin36.dll
0x77920000 - 0x77961000 	C:\WINDOWS\SYSTEM32\sechost.dll
0x75970000 - 0x75a2a000 	C:\WINDOWS\SYSTEM32\RPCRT4.dll
0x78680000 - 0x78692000 	C:\Program Files (x86)\MATLAB\R2008a\bin\win32\zlib1.dll
0x76db0000 - 0x76df5000 	C:\WINDOWS\SYSTEM32\SHLWAPI.dll
0x74260000 - 0x7426a000 	C:\WINDOWS\SYSTEM32\netutils.dll
0x74240000 - 0x7425d000 	C:\WINDOWS\SYSTEM32\srvcli.dll
0x74220000 - 0x74231000 	C:\WINDOWS\SYSTEM32\wkscli.dll
0x75950000 - 0x75957000 	C:\WINDOWS\SYSTEM32\NSI.dll
0x75420000 - 0x7559d000 	C:\WINDOWS\SYSTEM32\combase.dll
0x7a6e0000 - 0x7a764000 	C:\Program Files (x86)\MATLAB\R2008a\bin\win32\udd.dll
0x78570000 - 0x7858c000 	C:\Program Files (x86)\MATLAB\R2008a\bin\win32\datasvcs.dll
0x78a30000 - 0x78bf2000 	C:\Program Files (x86)\MATLAB\R2008a\bin\win32\xerces-c_2_7.dll
0x78590000 - 0x785b1000 	C:\Program Files (x86)\MATLAB\R2008a\bin\win32\libmat.dll
0x78dd0000 - 0x78dfa000 	C:\Program Files (x86)\MATLAB\R2008a\bin\win32\libmwhardcopy.dll
0x79130000 - 0x79169000 	C:\Program Files (x86)\MATLAB\R2008a\bin\win32\libuij.dll
0x78860000 - 0x78a22000 	C:\Program Files (x86)\MATLAB\R2008a\bin\win32\numerics.dll
0x00d40000 - 0x00e4f000 	C:\WINDOWS\WinSxS\x86_microsoft.vc80.mfc_1fc8b3b9a1e18e3b_8.0.50727.6195_none_cbf5e994470a1a8f\MFC80.DLL
0x75150000 - 0x751b5000 	C:\WINDOWS\SYSTEM32\WINSPOOL.DRV
0x75380000 - 0x75415000 	C:\WINDOWS\SYSTEM32\OLEAUT32.dll
0x794f0000 - 0x79539000 	C:\Program Files (x86)\MATLAB\R2008a\bin\win32\profiler.dll
0x7a8d0000 - 0x7a8d9000 	C:\Program Files (x86)\MATLAB\R2008a\bin\win32\libmwmathrng.dll
0x78600000 - 0x78612000 	C:\Program Files (x86)\MATLAB\R2008a\bin\win32\m_pcodeio.dll
0x79170000 - 0x791a4000 	C:\Program Files (x86)\MATLAB\R2008a\bin\win32\m_ir.dll
0x797c0000 - 0x79c8b000 	C:\Program Files (x86)\MATLAB\R2008a\bin\win32\m_parser.dll
0x785e0000 - 0x785f6000 	C:\Program Files (x86)\MATLAB\R2008a\bin\win32\m_pcodegen.dll
0x7a810000 - 0x7a81d000 	C:\Program Files (x86)\MATLAB\R2008a\bin\win32\boost_thread-vc80-mt-1_34_1.dll
0x7a940000 - 0x7a949000 	C:\Program Files (x86)\MATLAB\R2008a\bin\win32\uinone.dll
0x720f0000 - 0x7210b000 	C:\WINDOWS\WinSxS\x86_microsoft.vc80.atl_1fc8b3b9a1e18e3b_8.0.50727.6195_none_d1cb102c435421de\ATL80.DLL
0x75240000 - 0x7525e000 	C:\WINDOWS\SYSTEM32\SspiCli.dll
0x7abc0000 - 0x7ac85000 	C:\Program Files (x86)\MATLAB\R2008a\bin\win32\libhdf5.dll
0x7a8a0000 - 0x7a8aa000 	C:\Program Files (x86)\MATLAB\R2008a\bin\win32\libmwblas.dll
0x785c0000 - 0x785df000 	C:\Program Files (x86)\MATLAB\R2008a\bin\win32\libmwlapack.dll
0x7b4f0000 - 0x7b4f8000 	C:\Program Files (x86)\MATLAB\R2008a\bin\win32\libmwfftw.dll
0x7b520000 - 0x7b54a000 	C:\Program Files (x86)\MATLAB\R2008a\bin\win32\libmwrookfastbp.dll
0x78e00000 - 0x78e27000 	C:\Program Files (x86)\MATLAB\R2008a\bin\win32\libmwma57.dll
0x7a8c0000 - 0x7a8c8000 	C:\Program Files (x86)\MATLAB\R2008a\bin\win32\libmwcsparse.dll
0x796a0000 - 0x79707000 	C:\Program Files (x86)\MATLAB\R2008a\bin\win32\libmwumfpack.dll
0x79540000 - 0x79593000 	C:\Program Files (x86)\MATLAB\R2008a\bin\win32\libmwcholmod.dll
0x7a880000 - 0x7a888000 	C:\Program Files (x86)\MATLAB\R2008a\bin\win32\libmwamd.dll
0x7a860000 - 0x7a86d000 	C:\Program Files (x86)\MATLAB\R2008a\bin\win32\ir_xfmr.dll
0x7a900000 - 0x7a90a000 	C:\Program Files (x86)\MATLAB\R2008a\bin\win32\mtok.dll
0x75230000 - 0x7523a000 	C:\WINDOWS\SYSTEM32\CRYPTBASE.dll
0x73e90000 - 0x73f1b000 	C:\WINDOWS\SYSTEM32\SHCORE.DLL
0x7a890000 - 0x7a89c000 	C:\Program Files (x86)\MATLAB\R2008a\bin\win32\libmwbinder.dll
0x7aa40000 - 0x7aaeb000 	C:\Program Files (x86)\MATLAB\R2008a\bin\win32\libifcoremd.dll
0x791f0000 - 0x7949f000 	C:\Program Files (x86)\MATLAB\R2008a\bin\win32\libmmd.dll
0x7a8b0000 - 0x7a8b8000 	C:\Program Files (x86)\MATLAB\R2008a\bin\win32\libmwcolamd.dll
0x751d0000 - 0x75224000 	C:\WINDOWS\SYSTEM32\bcryptPrimitives.dll
0x75710000 - 0x75737000 	C:\WINDOWS\system32\IMM32.DLL
0x75260000 - 0x75372000 	C:\WINDOWS\SYSTEM32\MSCTF.dll
0x7b7f0000 - 0x7c0b2000 	C:\Program Files (x86)\MATLAB\R2008a\bin\win32\mkl.dll
0x790f0000 - 0x7912e000 	C:\Program Files (x86)\MATLAB\R2008a\bin\win32\libguide40.dll
0x7b210000 - 0x7b216000 	C:\Program Files (x86)\MATLAB\R2008a\bin\win32\mklcompat.dll
0x7a1a0000 - 0x7a650000 	C:\Program Files (x86)\MATLAB\R2008a\bin\win32\mllapack.dll
0x7b700000 - 0x7b7e4000 	C:\Program Files (x86)\MATLAB\R2008a\bin\win32\libfftw3i.dll
0x7a950000 - 0x7aa3f000 	C:\Program Files (x86)\MATLAB\R2008a\bin\win32\libfftw3f.dll
0x720e0000 - 0x720ee000 	C:\WINDOWS\WinSxS\x86_microsoft.vc80.mfcloc_1fc8b3b9a1e18e3b_8.0.50727.6195_none_03ce2c72205943d3\MFC80ENU.DLL
0x73c90000 - 0x73d7d000 	C:\WINDOWS\system32\uxtheme.dll
0x71120000 - 0x7119d000 	C:\Program Files (x86)\Common Files\microsoft shared\ink\tiptsf.dll
0x74210000 - 0x7421f000 	C:\WINDOWS\SYSTEM32\profapi.dll
0x742b0000 - 0x742d0000 	C:\WINDOWS\SYSTEM32\iphlpapi.dll
0x74200000 - 0x74208000 	C:\WINDOWS\SYSTEM32\WINNSI.DLL
0x724a0000 - 0x7251e000 	C:\WINDOWS\SYSTEM32\DNSAPI.dll
0x72060000 - 0x72073000 	C:\WINDOWS\SYSTEM32\dhcpcsvc6.DLL
0x72040000 - 0x72054000 	C:\WINDOWS\SYSTEM32\dhcpcsvc.DLL
0x037a0000 - 0x037a3000 	C:\WINDOWS\SYSTEM32\icmp.Dll
0x73f50000 - 0x73f59000 	C:\WINDOWS\SYSTEM32\kernel.appcore.dll
0x78e60000 - 0x790a7000 	C:\Program Files (x86)\MATLAB\R2008a\sys\java\jre\win32\jre1.6.0\bin\client\jvm.dll
0x74df0000 - 0x74e13000 	C:\WINDOWS\SYSTEM32\WINMM.dll
0x7c340000 - 0x7c396000 	C:\Program Files (x86)\MATLAB\R2008a\bin\win32\MSVCR71.dll
0x74610000 - 0x74633000 	C:\WINDOWS\SYSTEM32\WINMMBASE.dll
0x76d70000 - 0x76dac000 	C:\WINDOWS\SYSTEM32\cfgmgr32.dll
0x75120000 - 0x75141000 	C:\WINDOWS\SYSTEM32\DEVOBJ.dll
0x73d80000 - 0x73e20000 	C:\WINDOWS\system32\apphelp.dll
0x795a0000 - 0x795a8000 	C:\Program Files (x86)\MATLAB\R2008a\sys\java\jre\win32\jre1.6.0\bin\hpi.dll
0x795c0000 - 0x795cc000 	C:\Program Files (x86)\MATLAB\R2008a\sys\java\jre\win32\jre1.6.0\bin\verify.dll
0x786a0000 - 0x786bf000 	C:\Program Files (x86)\MATLAB\R2008a\sys\java\jre\win32\jre1.6.0\bin\java.dll
0x795d0000 - 0x795df000 	C:\Program Files (x86)\MATLAB\R2008a\sys\java\jre\win32\jre1.6.0\bin\zip.dll
0x78640000 - 0x78651000 	C:\Program Files (x86)\MATLAB\R2008a\bin\win32\nativejava.dll
0x78660000 - 0x78671000 	C:\Program Files (x86)\MATLAB\R2008a\bin\win32\nativejmi.dll
0x7a930000 - 0x7a936000 	C:\Program Files (x86)\MATLAB\R2008a\bin\win32\nativeservices.dll
0x78c00000 - 0x78dc3000 	C:\Program Files (x86)\MATLAB\R2008a\sys\java\jre\win32\jre1.6.0\bin\awt.dll
0x17d50000 - 0x17fb6000 	C:\WINDOWS\AppPatch\AcGenral.DLL
0x73f90000 - 0x73fa3000 	C:\WINDOWS\SYSTEM32\samcli.dll

VM Arguments:
jvm_args: -Xss512k -XX:PermSize=32M -Xms64m -XX:NewRatio=3 -XX:MaxPermSize=64M -Xmx128m -XX:MaxDirectMemorySize=1200000000 -Dsun.java2d.noddraw=true -Dsun.awt.nopixfmt=true -Xshare:off -Xrs -Djava.library.path=C:\Program Files (x86)\MATLAB\R2008a\bin\win32 vfprintf abort
java_command: <unknown>
Launcher Type: generic

Environment Variables:
PATH=C:\Program Files (x86)\NVIDIA Corporation\PhysX\Common;C:\ProgramData\Oracle\Java\javapath;c:\Program Files (x86)\Intel\iCLS Client\;c:\Program Files\Intel\iCLS Client\;C:\WINDOWS\system32;C:\WINDOWS;C:\WINDOWS\System32\Wbem;C:\WINDOWS\System32\WindowsPowerShell\v1.0\;C:\Program Files\Intel\WiFi\bin\;C:\Program Files\Common Files\Intel\WirelessCommon\;C:\Program Files (x86)\MATLAB\R2008a\bin;C:\Program Files (x86)\MATLAB\R2008a\bin\win32;C:\Program Files\Intel\Intel(R) Management Engine Components\DAL;C:\Program Files\Intel\Intel(R) Management Engine Components\IPT;C:\Program Files (x86)\Intel\Intel(R) Management Engine Components\DAL;C:\Program Files (x86)\Intel\Intel(R) Management Engine Components\IPT
USERNAME=Lorelay
OS=Windows_NT
PROCESSOR_IDENTIFIER=Intel64 Family 6 Model 69 Stepping 1, GenuineIntel



---------------  S Y S T E M  ---------------

OS: Windows NT 6.2 Build 9200 

CPU:total 4 family 6, cmov, cx8, fxsr, mmx, sse, sse2

Memory: 4k page, physical 4194303k(4194303k free), swap 4194303k(4194303k free)

vm_info: Java HotSpot(TM) Client VM (1.6.0-b105) for windows-x86, built on Nov 29 2006 00:48:48 by "java_re" with unknown MS VC++:1310

